in toposort 4
defaultdict(<function reverseGraph.<locals>.<lambda> at 0x7fa07b413550>,
            {1: {'children': [7],
                 'explored': True,
                 'label': 2},
             2: {'children': [5],
                 'explored': True,
                 'label': 7},
             3: {'children': [9],
                 'explored': True,
                 'label': 9},
             4: {'children': [1],
                 'explored': True,
                 'label': 1},
             5: {'children': [8],
                 'explored': True,
                 'label': 8},
             6: {'children': [3, 8],
                 'explored': True,
                 'label': 5},
             7: {'children': [4, 9],
                 'explored': True,
                 'label': 3},
             8: {'children': [2],
                 'explored': True,
                 'label': 6},
             9: {'children': [6],
                 'explored': True,
                 'label': 4}})
defaultdict(<function graphFromFile.<locals>.<lambda> at 0x7fa07b4443a0>,
            {1: {'children': [4],
                 'explored': False,
                 'label': 2},
             2: {'children': [8],
                 'explored': False,
                 'label': 7},
             3: {'children': [6],
                 'explored': False,
                 'label': 9},
             4: {'children': [7],
                 'explored': False,
                 'label': 1},
             5: {'children': [2],
                 'explored': False,
                 'label': 8},
             6: {'children': [9],
                 'explored': False,
                 'label': 5},
             7: {'children': [1],
                 'explored': False,
                 'label': 3},
             8: {'children': [5, 6],
                 'explored': False,
                 'label': 6},
             9: {'children': [3, 7],
                 'explored': False,
                 'label': 4}})
OrderedDict([(3, 9), (5, 8), (2, 7),
             (8, 6), (6, 5), (9, 4),
             (7, 3), (1, 2), (4, 1)])
