in toposort 4
in toposort 7
in toposort 1
defaultdict(<function reverseGraph.<locals>.<lambda> at 0x7f9a94e88550>,
            {1: {'children': [7],
                 'explored': False},
             2: {'children': [5],
                 'explored': True},
             3: {'children': [9],
                 'explored': True},
             4: {'children': [1],
                 'explored': False},
             5: {'children': [8],
                 'explored': True},
             6: {'children': [3, 8],
                 'explored': True,
                 'label': 4},
             7: {'children': [4, 9],
                 'explored': False},
             8: {'children': [2],
                 'explored': True},
             9: {'children': [6],
                 'explored': True}})
